app/build/intermediates/manifest_merge_blame_file/debug/manifest-merger-blame-debug-report.txt
1<?xml version="1.0" encoding="utf-8"?>
2<manifest xmlns:android="http://schemas.android.com/apk/res/android"
3    package="com.example.projetointegrado"
4    android:versionCode="6"
5    android:versionName="3.3" >
6
7    <uses-sdk
8        android:minSdkVersion="23"
8-->src/main/AndroidManifest.xml
9        android:targetSdkVersion="29" />
9-->src/main/AndroidManifest.xml
10
11    <application
11-->src/main/AndroidManifest.xml:5:5-27:19
12        android:allowBackup="true"
12-->src/main/AndroidManifest.xml:6:9-35
13        android:appComponentFactory="androidx.core.app.CoreComponentFactory"
13-->[androidx.core:core:1.1.0] AndroidManifest.xml:24:18-86
14        android:debuggable="true"
15        android:extractNativeLibs="false"
16        android:icon="@drawable/ic_launcher"
16-->src/main/AndroidManifest.xml:7:9-45
17        android:label="@string/app_name"
17-->src/main/AndroidManifest.xml:8:9-41
18        android:roundIcon="@mipmap/ic_launcher_round"
18-->src/main/AndroidManifest.xml:9:9-54
19        android:supportsRtl="true"
19-->src/main/AndroidManifest.xml:10:9-35
20        android:testOnly="true"
21        android:theme="@style/AppTheme" >
21-->src/main/AndroidManifest.xml:11:9-40
22        <activity android:name="com.example.projetointegrado.MainActivity" >
22-->src/main/AndroidManifest.xml:13:9-18:20
22-->src/main/AndroidManifest.xml:13:19-47
23            <intent-filter>
23-->src/main/AndroidManifest.xml:14:13-17:29
24                <action android:name="android.intent.action.MAIN" />
24-->src/main/AndroidManifest.xml:15:17-69
24-->src/main/AndroidManifest.xml:15:25-66
25
26                <category android:name="android.intent.category.LAUNCHER" />
26-->src/main/AndroidManifest.xml:16:17-77
26-->src/main/AndroidManifest.xml:16:27-74
27            </intent-filter>
28        </activity>
29        <activity android:name="com.example.projetointegrado.LoginActivity" />
29-->src/main/AndroidManifest.xml:20:9-51
29-->src/main/AndroidManifest.xml:20:19-48
30        <activity android:name="com.example.projetointegrado.CadastrarActivity" />
30-->src/main/AndroidManifest.xml:21:9-55
30-->src/main/AndroidManifest.xml:21:19-52
31        <activity android:name="com.example.projetointegrado.DashboardActivity" />
31-->src/main/AndroidManifest.xml:22:9-55
31-->src/main/AndroidManifest.xml:22:19-52
32        <activity android:name="com.example.projetointegrado.reservas.ReservasActivity" />
32-->src/main/AndroidManifest.xml:23:9-63
32-->src/main/AndroidManifest.xml:23:19-60
33        <activity android:name="com.example.projetointegrado.cadastraSala.CadastrarSalaActivity" />
33-->src/main/AndroidManifest.xml:24:9-72
33-->src/main/AndroidManifest.xml:24:19-69
34        <activity android:name="com.example.projetointegrado.reservarSala.ReservarActivity" />
34-->src/main/AndroidManifest.xml:25:9-67
34-->src/main/AndroidManifest.xml:25:19-64
35    </application>
36
37</manifest>